2025-07-15 05:26:10 [[32MINFO[39M]: Database disconnected
2025-07-15 10:33:14 [[33MWARN[39M]: Route not found: GET /api/incidencias
2025-07-15 10:33:15 [[33MWARN[39M]: Route not found: GET /api/incidencias
2025-07-15 10:33:42 [[33MWARN[39M]: Route not found: GET /api/company-incidence-types/company/1
2025-07-15 10:33:42 [[33MWARN[39M]: Route not found: GET /api/company-incidence-types/company/1
2025-07-15 10:36:45 [[33MWARN[39M]: Route not found: POST /api/company-incidence-types/company/1
2025-07-15 10:38:00 [[33MWARN[39M]: Route not found: GET /api/incidencias
2025-07-15 10:38:14 [[33MWARN[39M]: Route not found: GET /api/incidencias
2025-07-15 10:38:14 [[33MWARN[39M]: Route not found: GET /api/incidencias
2025-07-15 10:38:17 [[33MWARN[39M]: Route not found: GET /api/company-incidence-types/company/1
2025-07-15 10:38:17 [[33MWARN[39M]: Route not found: GET /api/company-incidence-types/company/1
2025-07-15 10:39:02 [[33MWARN[39M]: Route not found: POST /api/company-incidence-types/company/1
2025-07-15 10:46:51 [[33MWARN[39M]: Route not found: GET /api/incidencias
2025-07-15 10:46:52 [[33MWARN[39M]: Route not found: GET /api/incidencias
2025-07-15 10:47:45 [[33MWARN[39M]: Route not found: GET /api/company-incidence-types/company/1
2025-07-15 10:47:45 [[33MWARN[39M]: Route not found: GET /api/company-incidence-types/company/1
2025-07-15 10:49:16 [[33MWARN[39M]: Route not found: GET /api/company-incidence-types/company/1
2025-07-15 10:49:16 [[33MWARN[39M]: Route not found: GET /api/company-incidence-types/company/1
2025-07-15 10:49:38 [[33MWARN[39M]: Route not found: GET /api/incidencias
2025-07-15 10:49:41 [[33MWARN[39M]: Route not found: GET /api/company-incidence-types/company/1
2025-07-15 10:49:41 [[33MWARN[39M]: Route not found: GET /api/company-incidence-types/company/1
2025-07-15 10:52:57 [[33MWARN[39M]: Route not found: GET /api/incidencias
2025-07-15 10:52:58 [[33MWARN[39M]: Route not found: GET /api/incidencias
2025-07-15 10:53:01 [[33MWARN[39M]: Route not found: GET /api/company-incidence-types/company/1
2025-07-15 10:53:01 [[33MWARN[39M]: Route not found: GET /api/company-incidence-types/company/1
2025-07-15 13:10:50 [[33MWARN[39M]: Route not found: GET /api/incidencias
2025-07-15 13:10:50 [[33MWARN[39M]: Route not found: GET /api/incidencias
2025-07-15 13:10:54 [[33MWARN[39M]: Route not found: GET /api/company-incidence-types/company/1
2025-07-15 13:10:54 [[33MWARN[39M]: Route not found: GET /api/company-incidence-types/company/1
2025-07-15 14:04:11 [[33MWARN[39M]: Route not found: GET /api/incidencias
2025-07-15 14:04:12 [[33MWARN[39M]: Route not found: GET /api/incidencias
2025-07-15 14:04:33 [[33MWARN[39M]: Route not found: GET /api/incidencias
2025-07-15 14:04:38 [[33MWARN[39M]: Route not found: GET /api/company-incidence-types/company/1
2025-07-15 14:04:38 [[33MWARN[39M]: Route not found: GET /api/company-incidence-types/company/1
2025-07-15 14:04:59 [[32MINFO[39M]: Database disconnected
2025-07-15 14:05:12 [[33MWARN[39M]: Route not found: GET /api/incidencias
2025-07-15 14:05:13 [[33MWARN[39M]: Route not found: GET /api/incidencias
2025-07-15 14:05:16 [[33MWARN[39M]: Route not found: GET /api/company-incidence-types/company/1
2025-07-15 14:05:16 [[33MWARN[39M]: Route not found: GET /api/company-incidence-types/company/1
2025-07-15 14:07:24 [[33MWARN[39M]: Route not found: GET /api/company-incidence-types/company/1
2025-07-15 14:07:24 [[33MWARN[39M]: Route not found: GET /api/company-incidence-types/company/1
2025-07-15 14:09:32 [[33MWARN[39M]: Route not found: GET /api/company-incidence-types/company/1
2025-07-15 14:09:32 [[33MWARN[39M]: Route not found: GET /api/company-incidence-types/company/1
2025-07-15 14:10:42 [[33MWARN[39M]: Route not found: GET /api/incidencias
2025-07-15 14:10:42 [[33MWARN[39M]: Route not found: GET /api/incidencias
2025-07-15 14:10:46 [[33MWARN[39M]: Route not found: GET /api/company-incidence-types/company/1
2025-07-15 14:10:46 [[33MWARN[39M]: Route not found: GET /api/company-incidence-types/company/1
2025-07-15 14:24:33 [[33MWARN[39M]: Route not found: GET /api/incidencias
2025-07-15 14:24:33 [[33MWARN[39M]: Route not found: GET /api/incidencias
2025-07-15 14:24:36 [[33MWARN[39M]: Route not found: GET /api/company-incidence-types/company/1
2025-07-15 14:24:36 [[33MWARN[39M]: Route not found: GET /api/company-incidence-types/company/1
2025-07-15 15:54:31 [[33MWARN[39M]: Route not found: GET /api/company-incidence-types/company/1
2025-07-15 15:54:31 [[33MWARN[39M]: Route not found: GET /api/company-incidence-types/company/1
2025-07-15 16:06:32 [[33MWARN[39M]: Route not found: POST /api/company-incidence-types/company/1/template
2025-07-15 16:11:46 [[33MWARN[39M]: Route not found: POST /api/company-incidence-types/company/1/template
2025-07-15 16:14:47 [[33MWARN[39M]: Route not found: GET /api/incidencias
2025-07-15 16:14:47 [[33MWARN[39M]: Route not found: GET /api/incidencias
2025-07-15 16:14:57 [[33MWARN[39M]: Route not found: GET /api/company-incidence-types/company/1
2025-07-15 16:14:57 [[33MWARN[39M]: Route not found: GET /api/company-incidence-types/company/1
2025-07-15 16:23:14 [[33MWARN[39M]: Route not found: POST /api/company-incidence-types/company/1/template
2025-07-15 18:34:59 [[33MWARN[39M]: Route not found: GET /api/incidencias
2025-07-15 18:35:00 [[33MWARN[39M]: Route not found: GET /api/incidencias
2025-07-15 20:32:20 [[32MINFO[39M]: Database disconnected
2025-07-15 20:33:57 [[33MWARN[39M]: Route not found: GET /api/incidencias
2025-07-15 20:43:54 [[32MINFO[39M]: Database disconnected
2025-07-15 20:44:05 [[33MWARN[39M]: Route not found: GET /api/incidencias
2025-07-15 20:44:05 [[33MWARN[39M]: Route not found: GET /api/incidencias
2025-07-15 20:44:21 [[33MWARN[39M]: Route not found: GET /api/incidencias
2025-07-15 20:58:32 [[33MWARN[39M]: Route not found: GET /api/incidencias
2025-07-15 21:18:00 [[33MWARN[39M]: Route not found: GET /api/incidencias
2025-07-15 21:18:00 [[33MWARN[39M]: Route not found: GET /api/incidencias
2025-07-15 21:19:43 [[33MWARN[39M]: Route not found: GET /api/incidencias
2025-07-15 21:19:43 [[33MWARN[39M]: Route not found: GET /api/incidencias
2025-07-15 21:20:04 [[33MWARN[39M]: Route not found: GET /api/incidencias
2025-07-15 22:27:19 [[33MWARN[39M]: Route not found: GET /api/incidencias
2025-07-15 22:27:20 [[33MWARN[39M]: Route not found: GET /api/incidencias
2025-07-15 22:27:41 [[33MWARN[39M]: Route not found: GET /api/incidencias
2025-07-15 22:58:19 [[33MWARN[39M]: Route not found: GET /api/incidencias
2025-07-15 23:17:48 [[33MWARN[39M]: Route not found: GET /api/incidencias
2025-07-15 23:17:48 [[33MWARN[39M]: Route not found: GET /api/incidencias
2025-07-15 23:18:02 [[33MWARN[39M]: Route not found: GET /api/incidencias
2025-07-15 23:19:27 [[33MWARN[39M]: Route not found: GET /api/incidencias
2025-07-15 23:19:27 [[33MWARN[39M]: Route not found: GET /api/incidencias
2025-07-15 23:19:59 [[33MWARN[39M]: Route not found: GET /api/incidencias
2025-07-15 23:20:00 [[33MWARN[39M]: Route not found: GET /api/incidencias
2025-07-15 23:22:53 [[33MWARN[39M]: Route not found: GET /api/incidencias
2025-07-15 23:23:40 [[33MWARN[39M]: Route not found: GET /api/incidencias
2025-07-15 23:23:41 [[33MWARN[39M]: Route not found: GET /api/incidencias
2025-07-16 03:08:27 [[33MWARN[39M]: Route not found: GET /api/incidencias
2025-07-16 03:08:27 [[33MWARN[39M]: Route not found: GET /api/incidencias
2025-07-16 03:08:47 [[33MWARN[39M]: Route not found: GET /api/incidencias
2025-07-16 03:52:20 [[33MWARN[39M]: Route not found: GET /api/incidencias
2025-07-16 03:52:20 [[33MWARN[39M]: Route not found: GET /api/incidencias
2025-07-16 03:52:49 [[33MWARN[39M]: Route not found: GET /api/incidencias
2025-07-16 03:52:49 [[33MWARN[39M]: Route not found: GET /api/incidencias
2025-07-16 03:53:08 [[33MWARN[39M]: Route not found: GET /api/incidencias
2025-07-16 04:03:22 [[33MWARN[39M]: Route not found: GET /api/incidencias
2025-07-16 04:07:23 [[33MWARN[39M]: Route not found: GET /api/incidencias
2025-07-16 04:07:24 [[33MWARN[39M]: Route not found: GET /api/incidencias
2025-07-16 04:08:04 [[33MWARN[39M]: Route not found: GET /api/incidencias
2025-07-16 04:08:04 [[33MWARN[39M]: Route not found: GET /api/incidencias
2025-07-16 04:21:30 [[33MWARN[39M]: Route not found: GET /api/incidencias
2025-07-16 04:21:30 [[33MWARN[39M]: Route not found: GET /api/incidencias
2025-07-16 04:23:13 [[32MINFO[39M]: Database disconnected
2025-07-16 04:23:29 [[33MWARN[39M]: Route not found: GET /api/incidencias
2025-07-16 04:23:29 [[33MWARN[39M]: Route not found: GET /api/incidencias
2025-07-16 04:29:40 [[33MWARN[39M]: Route not found: GET /api/incidencias
2025-07-16 04:43:57 [[33MWARN[39M]: Route not found: GET /api/incidencias
2025-07-16 04:46:28 [[33MWARN[39M]: Route not found: GET /api/incidencias
2025-07-16 04:46:29 [[33MWARN[39M]: Route not found: GET /api/incidencias
2025-07-16 04:46:46 [[33MWARN[39M]: Route not found: GET /api/incidencias
2025-07-16 05:45:00 [[33MWARN[39M]: Route not found: GET /api/incidencias
2025-07-16 05:48:13 [[32MINFO[39M]: Database disconnected
2025-07-16 06:33:30 [[33MWARN[39M]: Route not found: GET /api/incidencias
2025-07-16 06:33:30 [[33MWARN[39M]: Route not found: GET /api/incidencias
2025-07-16 06:33:51 [[33MWARN[39M]: Route not found: GET /api/incidencias
2025-07-16 06:39:29 [[33MWARN[39M]: Route not found: GET /api/incidencias
2025-07-16 06:39:29 [[33MWARN[39M]: Route not found: GET /api/incidencias
2025-07-16 06:39:41 [[33MWARN[39M]: Route not found: GET /api/incidencias
2025-07-16 06:39:41 [[33MWARN[39M]: Route not found: GET /api/incidencias
2025-07-16 06:39:59 [[33MWARN[39M]: Route not found: GET /api/incidencias
2025-07-16 14:06:40 [[33MWARN[39M]: Route not found: GET /api/incidencias
2025-07-16 14:50:42 [[33MWARN[39M]: Route not found: GET /api/incidencias
2025-07-16 14:50:43 [[33MWARN[39M]: Route not found: GET /api/incidencias
2025-07-16 14:51:20 [[33MWARN[39M]: Route not found: GET /api/incidencias
2025-07-16 15:23:30 [[33MWARN[39M]: Route not found: GET /api/incidencias
2025-07-16 15:23:31 [[33MWARN[39M]: Route not found: GET /api/incidencias
2025-07-16 16:29:25 [[33MWARN[39M]: Route not found: GET /api/incidencias
2025-07-16 16:29:36 [[33MWARN[39M]: Route not found: GET /api/incidencias
2025-07-16 16:40:08 [[33MWARN[39M]: Route not found: GET /api/incidencias
2025-07-16 16:48:13 [[33MWARN[39M]: Route not found: GET /api/incidencias
2025-07-16 16:51:37 [[33MWARN[39M]: Route not found: GET /api/incidencias
2025-07-16 16:51:37 [[33MWARN[39M]: Route not found: GET /api/incidencias
2025-07-16 16:51:52 [[33MWARN[39M]: Route not found: GET /api/incidencias
2025-07-16 16:56:09 [[33MWARN[39M]: Route not found: GET /api/incidencias
2025-07-16 17:01:25 [[33MWARN[39M]: Route not found: GET /api/incidencias
2025-07-16 17:10:13 [[33MWARN[39M]: Route not found: GET /api/incidencias
2025-07-16 17:57:37 [[33MWARN[39M]: Route not found: GET /api/incidencias
2025-07-16 17:57:38 [[33MWARN[39M]: Route not found: GET /api/incidencias
2025-07-16 21:16:21 [[33MWARN[39M]: Route not found: GET /api/incidencias
2025-07-16 21:34:50 [[33MWARN[39M]: Route not found: GET /api/incidencias
2025-07-16 22:00:46 [[32MINFO[39M]: Database disconnected
2025-07-16 22:01:44 [[32MINFO[39M]: Database disconnected
2025-07-16 22:01:55 [[32MINFO[39M]: Database disconnected
2025-07-16 22:02:49 [[32MINFO[39M]: Database disconnected
2025-07-16 22:03:00 [[32MINFO[39M]: Database disconnected
2025-07-16 22:04:15 [[32MINFO[39M]: Database disconnected
2025-07-16 22:05:15 [[32MINFO[39M]: Database disconnected
2025-07-16 22:07:32 [[33MWARN[39M]: Route not found: GET /api/incidencias
